<?xml version="1.0" encoding="UTF-8"?>
<!-- Generated by org.testng.reporters.JUnitXMLReporter -->
<testsuite hostname="Lokesh-PC" name="Test 2" tests="4" failures="0" timestamp="31 Mar 2019 12:15:03 GMT" time="1.034" errors="0">
  <testcase name="@BeforeClass preCondition" time="0.0" classname="scripts.TC_Login">
    <failure type="org.openqa.selenium.WebDriverException" message="Cannot find firefox binary in PATH. Make sure firefox is installed. OS appears to be: VISTA
Build info: version: &amp;apos;3.14.0&amp;apos;, revision: &amp;apos;aacccce0&amp;apos;, time: &amp;apos;2018-08-02T20:13:22.693Z&amp;apos;
System info: host: &amp;apos;LOKESH-PC&amp;apos;, ip: &amp;apos;192.168.0.104&amp;apos;, os.name: &amp;apos;Windows 7&amp;apos;, os.arch: &amp;apos;amd64&amp;apos;, os.version: &amp;apos;6.1&amp;apos;, java.version: &amp;apos;1.8.0_171&amp;apos;
Driver info: driver.version: FirefoxDriver">
      <![CDATA[org.openqa.selenium.WebDriverException: Cannot find firefox binary in PATH. Make sure firefox is installed. OS appears to be: VISTA
Build info: version: '3.14.0', revision: 'aacccce0', time: '2018-08-02T20:13:22.693Z'
System info: host: 'LOKESH-PC', ip: '192.168.0.104', os.name: 'Windows 7', os.arch: 'amd64', os.version: '6.1', java.version: '1.8.0_171'
Driver info: driver.version: FirefoxDriver
	at org.openqa.selenium.firefox.FirefoxBinary.<init>(FirefoxBinary.java:116)
	at java.util.Optional.orElseGet(Unknown Source)
	at org.openqa.selenium.firefox.FirefoxOptions.getBinary(FirefoxOptions.java:216)
	at org.openqa.selenium.firefox.FirefoxDriver.toExecutor(FirefoxDriver.java:165)
	at org.openqa.selenium.firefox.FirefoxDriver.<init>(FirefoxDriver.java:125)
	at org.openqa.selenium.firefox.FirefoxDriver.<init>(FirefoxDriver.java:103)
	at libraries.ApplicationLib.launchBrowser(ApplicationLib.java:29)
	at scripts.TC_Login.preCondition(TC_Login.java:30)
	at java.util.concurrent.FutureTask.run(Unknown Source)
	at java.util.concurrent.ThreadPoolExecutor.runWorker(Unknown Source)
	at java.util.concurrent.ThreadPoolExecutor$Worker.run(Unknown Source)
	at java.lang.Thread.run(Unknown Source)
... Removed 16 stack frames]]>
    </failure>
  </testcase> <!-- @BeforeClass preCondition -->
  <testcase name="@AfterClass teardown" time="0.0" classname="scripts.TC_Login">
    <skipped/>
  </testcase> <!-- @AfterClass teardown -->
  <testcase name="script" time="0.018" classname="scripts.TC_Login">
    <skipped/>
  </testcase> <!-- script -->
  <testcase name="script" time="0.002" classname="scripts.TC_Login">
    <skipped/>
  </testcase> <!-- script -->
  <testcase name="script" time="0.001" classname="scripts.TC_Login">
    <skipped/>
  </testcase> <!-- script -->
  <testcase name="script" time="0.001" classname="scripts.TC_Login">
    <skipped/>
  </testcase> <!-- script -->
</testsuite> <!-- Test 2 -->
